生成启动时间为 2017/4/21 22:49:14。
     1>项目“G:\Projects\Alg\Datastruct_AlgInC\Charpter5\hashSep\hashSep\hashSep.vcxproj”在节点 2 上(build 个目标)。
     1>InitializeBuildStatus:
         正在创建“Debug\hashSep.unsuccessfulbuild”，因为已指定“AlwaysCreate”。
       ClCompile:
         E:\Program Files (x86)\Microsoft Visual Studio 10.0\VC\bin\CL.exe /c /ZI /nologo /W3 /WX- /Od /Oy- /D WIN32 /D _DEBUG /D _CONSOLE /D _UNICODE /D UNICODE /Gm /EHsc /RTC1 /MDd /GS /fp:precise /Zc:wchar_t /Zc:forScope /Fo"Debug\\" /Fd"Debug\vc100.pdb" /Gd /TC /analyze- /errorReport:prompt ..\..\hashSep.c
         hashSep.c
     1>g:\projects\alg\datastruct_alginc\charpter5\hashsep.c : warning C4819: 该文件包含不能在当前代码页(936)中表示的字符。请将该文件保存为 Unicode 格式以防止数据丢失
     1>g:\projects\alg\datastruct_alginc\charpter5\hashsep.c(52): warning C4018: “<”: 有符号/无符号不匹配
     1>g:\projects\alg\datastruct_alginc\charpter5\hashsep.c(79): warning C4996: 'strcpy': This function or variable may be unsafe. Consider using strcpy_s instead. To disable deprecation, use _CRT_SECURE_NO_WARNINGS. See online help for details.
                 e:\program files (x86)\microsoft visual studio 10.0\vc\include\string.h(105) : 参见“strcpy”的声明
     1>g:\projects\alg\datastruct_alginc\charpter5\hashsep.c(81): warning C4996: 'strcpy': This function or variable may be unsafe. Consider using strcpy_s instead. To disable deprecation, use _CRT_SECURE_NO_WARNINGS. See online help for details.
                 e:\program files (x86)\microsoft visual studio 10.0\vc\include\string.h(105) : 参见“strcpy”的声明
     1>g:\projects\alg\datastruct_alginc\charpter5\hashsep.c(58): warning C4715: “HashtableInit”: 不是所有的控件路径都返回值
       ManifestResourceCompile:
         所有输出均为最新。
       Link:
         E:\Program Files (x86)\Microsoft Visual Studio 10.0\VC\bin\link.exe /ERRORREPORT:PROMPT /OUT:"G:\Projects\Alg\Datastruct_AlgInC\Charpter5\hashSep\Debug\hashSep.exe" /INCREMENTAL /NOLOGO kernel32.lib user32.lib gdi32.lib winspool.lib comdlg32.lib advapi32.lib shell32.lib ole32.lib oleaut32.lib uuid.lib odbc32.lib odbccp32.lib /MANIFEST /ManifestFile:"Debug\hashSep.exe.intermediate.manifest" /MANIFESTUAC:"level='asInvoker' uiAccess='false'" /DEBUG /PDB:"G:\Projects\Alg\Datastruct_AlgInC\Charpter5\hashSep\Debug\hashSep.pdb" /SUBSYSTEM:CONSOLE /TLBID:1 /DYNAMICBASE /NXCOMPAT /IMPLIB:"G:\Projects\Alg\Datastruct_AlgInC\Charpter5\hashSep\Debug\hashSep.lib" /MACHINE:X86 Debug\hashSep.exe.embed.manifest.res
         Debug\common.obj
         Debug\hashSep.obj
       Manifest:
         C:\Program Files (x86)\Microsoft SDKs\Windows\v7.0A\bin\mt.exe /nologo /verbose /out:"Debug\hashSep.exe.embed.manifest" /manifest Debug\hashSep.exe.intermediate.manifest
         所有输出均为最新。
       LinkEmbedManifest:
         所有输出均为最新。
         hashSep.vcxproj -> G:\Projects\Alg\Datastruct_AlgInC\Charpter5\hashSep\Debug\hashSep.exe
       FinalizeBuildStatus:
         正在删除文件“Debug\hashSep.unsuccessfulbuild”。
         正在对“Debug\hashSep.lastbuildstate”执行 Touch 任务。
     1>已完成生成项目“G:\Projects\Alg\Datastruct_AlgInC\Charpter5\hashSep\hashSep\hashSep.vcxproj”(build 个目标)的操作。

生成成功。

已用时间 00:00:00.61
